#
# There is insufficient memory for the Java Runtime Environment to continue.
# Native memory allocation (mmap) failed to map 199229440 bytes. Error detail: G1 virtual space
# Possible reasons:
#   The system is out of physical RAM or swap space
#   This process is running with CompressedOops enabled, and the Java Heap may be blocking the growth of the native heap
# Possible solutions:
#   Reduce memory load on the system
#   Increase physical memory or swap space
#   Check if swap backing store is full
#   Decrease Java heap size (-Xmx/-Xms)
#   Decrease number of Java threads
#   Decrease Java thread stack sizes (-Xss)
#   Set larger code cache with -XX:ReservedCodeCacheSize=
#   JVM is running with Zero Based Compressed Oops mode in which the Java heap is
#     placed in the first 32GB address space. The Java Heap base address is the
#     maximum limit for the native heap growth. Please use -XX:HeapBaseMinAddress
#     to set the Java Heap base and to place the Java Heap above 32GB virtual address.
# This output file may be truncated or incomplete.
#
#  Out of Memory Error (os_windows.cpp:3825), pid=16024, tid=15312
#
# JRE version:  (17.0.11) (build )
# Java VM: OpenJDK 64-Bit Server VM (17.0.11+0--11852314, mixed mode, sharing, tiered, compressed oops, compressed class ptrs, g1 gc, windows-amd64)
# No core dump will be written. Minidumps are not enabled by default on client versions of Windows
#

---------------  S U M M A R Y ------------

Command Line: org.jetbrains.kotlin.cli.jvm.K2JVMCompiler @C:\Users\raka_\Documents\GitHub\AgriSynergi_App\app\build\20241213_17278556542472774741.compiler.options

Host: Intel(R) Core(TM) i5-3230M CPU @ 2.60GHz, 4 cores, 11G,  Windows 10 , 64 bit Build 19041 (10.0.19041.5198)
Time: Fri Dec 13 07:04:01 2024 SE Asia Standard Time elapsed time: 0.029641 seconds (0d 0h 0m 0s)

---------------  T H R E A D  ---------------

Current thread (0x0000026adc79d050):  JavaThread "Unknown thread" [_thread_in_vm, id=15312, stack(0x000000df0f000000,0x000000df0f100000)]

Stack: [0x000000df0f000000,0x000000df0f100000]
Native frames: (J=compiled Java code, j=interpreted, Vv=VM code, C=native code)
V  [jvm.dll+0x687bb9]
V  [jvm.dll+0x84142a]
V  [jvm.dll+0x8430ae]
V  [jvm.dll+0x843713]
V  [jvm.dll+0x24a35f]
V  [jvm.dll+0x684989]
V  [jvm.dll+0x67923a]
V  [jvm.dll+0x30af0b]
V  [jvm.dll+0x3123b6]
V  [jvm.dll+0x361dfe]
V  [jvm.dll+0x36202f]
V  [jvm.dll+0x2e0d38]
V  [jvm.dll+0x2e1ca4]
V  [jvm.dll+0x811f21]
V  [jvm.dll+0x36fb68]
V  [jvm.dll+0x7f0896]
V  [jvm.dll+0x3f3d2f]
V  [jvm.dll+0x3f58e1]
C  [jli.dll+0x528f]
C  [ucrtbase.dll+0x21bb2]
C  [KERNEL32.DLL+0x17374]
C  [ntdll.dll+0x4cc91]


---------------  P R O C E S S  ---------------

Threads class SMR info:
_java_thread_list=0x00007ffd53f9efd8, length=0, elements={
}

Java Threads: ( => current thread )

Other Threads:
  0x0000026adc7f4500 GCTaskThread "GC Thread#0" [stack: 0x000000df0f100000,0x000000df0f200000] [id=11156]
  0x0000026adc803550 ConcurrentGCThread "G1 Main Marker" [stack: 0x000000df0f200000,0x000000df0f300000] [id=8164]
  0x0000026adc803e80 ConcurrentGCThread "G1 Conc#0" [stack: 0x000000df0f300000,0x000000df0f400000] [id=18088]

[error occurred during error reporting (printing all threads), id 0xc0000005, EXCEPTION_ACCESS_VIOLATION (0xc0000005) at pc=0x00007ffd53751907]

VM state: not at safepoint (not fully initialized)

VM Mutex/Monitor currently owned by a thread:  ([mutex/lock_event])
[0x0000026adc798870] Heap_lock - owner thread: 0x0000026adc79d050

Heap address: 0x0000000742200000, size: 3038 MB, Compressed Oops mode: Zero based, Oop shift amount: 3

CDS archive(s) mapped at: [0x0000000000000000-0x0000000000000000-0x0000000000000000), size 0, SharedBaseAddress: 0x0000000800000000, ArchiveRelocationMode: 1.
Narrow klass base: 0x0000000000000000, Narrow klass shift: 0, Narrow klass range: 0x0

GC Precious Log:
<Empty>

Heap:
 garbage-first heap   total 0K, used 0K [0x0000000742200000, 0x0000000800000000)
  region size 2048K, 0 young (0K), 0 survivors (0K)
 Metaspace       used 0K, committed 0K, reserved 0K
  class space    used 0K, committed 0K, reserved 0K

Heap Regions: E=young(eden), S=young(survivor), O=old, HS=humongous(starts), HC=humongous(continues), CS=collection set, F=free, OA=open archive, CA=closed archive, TAMS=top-at-mark-start (previous, next)

Card table byte_map: [0x0000026aef270000,0x0000026aef860000] _byte_map_base: 0x0000026aeb85f000

Marking Bits (Prev, Next): (CMBitMap*) 0x0000026adc7f6e50, (CMBitMap*) 0x0000026adc7f6e90
 Prev Bits: [0x0000026aefe50000, 0x0000026af2dc8000)
 Next Bits: [0x0000026af2dd0000, 0x0000026af5d48000)

GC Heap History (0 events):
No events

Dll operation events (1 events):
Event: 0.017 Loaded shared library C:\Program Files\Android\Android Studio\jbr\bin\java.dll

Deoptimization events (0 events):
No events

Classes unloaded (0 events):
No events

Classes redefined (0 events):
No events

Internal exceptions (0 events):
No events

VM Operations (0 events):
No events

Events (0 events):
No events


Dynamic libraries:
0x00007ff64dc00000 - 0x00007ff64dc0a000 	C:\Program Files\Android\Android Studio\jbr\bin\java.exe
0x00007ffd98ed0000 - 0x00007ffd990c8000 	C:\Windows\SYSTEM32\ntdll.dll
0x00007ffd96ef0000 - 0x00007ffd96fb2000 	C:\Windows\System32\KERNEL32.DLL
0x00007ffd96890000 - 0x00007ffd96b8e000 	C:\Windows\System32\KERNELBASE.dll
0x00007ffd96be0000 - 0x00007ffd96ce0000 	C:\Windows\System32\ucrtbase.dll
0x00007ffd7d830000 - 0x00007ffd7d847000 	C:\Program Files\Android\Android Studio\jbr\bin\jli.dll
0x00007ffd90c30000 - 0x00007ffd90c4b000 	C:\Program Files\Android\Android Studio\jbr\bin\VCRUNTIME140.dll
0x00007ffd970f0000 - 0x00007ffd9728d000 	C:\Windows\System32\USER32.dll
0x00007ffd96ec0000 - 0x00007ffd96ee2000 	C:\Windows\System32\win32u.dll
0x00007ffd97a90000 - 0x00007ffd97abb000 	C:\Windows\System32\GDI32.dll
0x00007ffd8eb40000 - 0x00007ffd8edda000 	C:\Windows\WinSxS\amd64_microsoft.windows.common-controls_6595b64144ccf1df_6.0.19041.4355_none_60b8b9eb71f62e16\COMCTL32.dll
0x00007ffd96ce0000 - 0x00007ffd96df7000 	C:\Windows\System32\gdi32full.dll
0x00007ffd97820000 - 0x00007ffd978be000 	C:\Windows\System32\msvcrt.dll
0x00007ffd967f0000 - 0x00007ffd9688d000 	C:\Windows\System32\msvcp_win.dll
0x00007ffd979d0000 - 0x00007ffd979ff000 	C:\Windows\System32\IMM32.DLL
0x00007ffd90bd0000 - 0x00007ffd90bdc000 	C:\Program Files\Android\Android Studio\jbr\bin\vcruntime140_1.dll
0x00007ffd7cd20000 - 0x00007ffd7cdad000 	C:\Program Files\Android\Android Studio\jbr\bin\msvcp140.dll
0x00007ffd53460000 - 0x00007ffd540e3000 	C:\Program Files\Android\Android Studio\jbr\bin\server\jvm.dll
0x00007ffd97760000 - 0x00007ffd97811000 	C:\Windows\System32\ADVAPI32.dll
0x00007ffd976c0000 - 0x00007ffd9775f000 	C:\Windows\System32\sechost.dll
0x00007ffd96fc0000 - 0x00007ffd970e3000 	C:\Windows\System32\RPCRT4.dll
0x00007ffd96e90000 - 0x00007ffd96eb7000 	C:\Windows\System32\bcrypt.dll
0x00007ffd95ed0000 - 0x00007ffd95f1b000 	C:\Windows\SYSTEM32\POWRPROF.dll
0x00007ffd90130000 - 0x00007ffd90139000 	C:\Windows\SYSTEM32\WSOCK32.dll
0x00007ffd97960000 - 0x00007ffd979cb000 	C:\Windows\System32\WS2_32.dll
0x00007ffd92800000 - 0x00007ffd92827000 	C:\Windows\SYSTEM32\WINMM.dll
0x00007ffd8bb20000 - 0x00007ffd8bb2a000 	C:\Windows\SYSTEM32\VERSION.dll
0x00007ffd95e80000 - 0x00007ffd95e92000 	C:\Windows\SYSTEM32\UMPDC.dll
0x00007ffd94d90000 - 0x00007ffd94da2000 	C:\Windows\SYSTEM32\kernel.appcore.dll
0x00007ffd8ee80000 - 0x00007ffd8ee8a000 	C:\Program Files\Android\Android Studio\jbr\bin\jimage.dll
0x00007ffd902d0000 - 0x00007ffd904b4000 	C:\Windows\SYSTEM32\DBGHELP.DLL
0x00007ffd8fdc0000 - 0x00007ffd8fdf4000 	C:\Windows\SYSTEM32\dbgcore.DLL
0x00007ffd96e00000 - 0x00007ffd96e82000 	C:\Windows\System32\bcryptPrimitives.dll
0x00007ffd83070000 - 0x00007ffd83095000 	C:\Program Files\Android\Android Studio\jbr\bin\java.dll

dbghelp: loaded successfully - version: 4.0.5 - missing functions: none
symbol engine: initialized successfully - sym options: 0x614 - pdb path: .;C:\Program Files\Android\Android Studio\jbr\bin;C:\Windows\SYSTEM32;C:\Windows\WinSxS\amd64_microsoft.windows.common-controls_6595b64144ccf1df_6.0.19041.4355_none_60b8b9eb71f62e16;C:\Program Files\Android\Android Studio\jbr\bin\server

VM Arguments:
java_command: org.jetbrains.kotlin.cli.jvm.K2JVMCompiler @C:\Users\raka_\Documents\GitHub\AgriSynergi_App\app\build\20241213_17278556542472774741.compiler.options
java_class_path (initial): C:\Users\raka_\.gradle\caches\modules-2\files-2.1\org.jetbrains.kotlin\kotlin-compiler-embeddable\1.9.0\2c8c3a7402becca891f12739b3e9fd2dc2adbd7a\kotlin-compiler-embeddable-1.9.0.jar;C:\Users\raka_\.gradle\caches\modules-2\files-2.1\org.jetbrains.kotlin\kotlin-stdlib\1.9.0\8ee15ef0c67dc83d874f412d84378d7f0eb50b63\kotlin-stdlib-1.9.0.jar;C:\Users\raka_\.gradle\caches\modules-2\files-2.1\org.jetbrains.kotlin\kotlin-script-runtime\1.9.0\4b3102cbbb7e1b58d9d1adf89563f00069ffa7d1\kotlin-script-runtime-1.9.0.jar;C:\Users\raka_\.gradle\caches\modules-2\files-2.1\org.jetbrains.kotlin\kotlin-reflect\1.6.10\1cbe9c92c12a94eea200d23c2bbaedaf3daf5132\kotlin-reflect-1.6.10.jar;C:\Users\raka_\.gradle\caches\modules-2\files-2.1\org.jetbrains.kotlin\kotlin-daemon-embeddable\1.9.0\186543f5e28cf8d9a0290fecc2cf34301c40a65c\kotlin-daemon-embeddable-1.9.0.jar;C:\Users\raka_\.gradle\caches\modules-2\files-2.1\org.jetbrains.intellij.deps\trove4j\1.0.20200330\3afb14d5f9ceb459d724e907a21145e8ff394f02\trove4j-1.0.20200330.jar;C:\Users\raka_\.gradle\caches\modules-2\files-2.1\org.jetbrains.kotlin\kotlin-stdlib-common\1.9.0\cd65c21cfd1eec4d44ef09f9f52b6d9f8a720636\kotlin-stdlib-common-1.9.0.jar;C:\Users\raka_\.gradle\caches\modules-2\files-2.1\org.jetbrains\annotations\13.0\919f0dfe192fb4e063e7dacadee7f8bb9a2672a9\annotations-13.0.jar
Launcher Type: SUN_STANDARD

[Global flags]
     intx CICompilerCount                          = 3                                         {product} {ergonomic}
     uint ConcGCThreads                            = 1                                         {product} {ergonomic}
     uint G1ConcRefinementThreads                  = 4                                         {product} {ergonomic}
   size_t G1HeapRegionSize                         = 2097152                                   {product} {ergonomic}
    uintx GCDrainStackTargetSize                   = 64                                        {product} {ergonomic}
   size_t InitialHeapSize                          = 199229440                                 {product} {ergonomic}
   size_t MarkStackSize                            = 4194304                                   {product} {ergonomic}
   size_t MaxHeapSize                              = 3185573888                                {product} {ergonomic}
   size_t MinHeapDeltaBytes                        = 2097152                                   {product} {ergonomic}
   size_t MinHeapSize                              = 8388608                                   {product} {ergonomic}
    uintx NonNMethodCodeHeapSize                   = 5832780                                {pd product} {ergonomic}
    uintx NonProfiledCodeHeapSize                  = 122912730                              {pd product} {ergonomic}
    uintx ProfiledCodeHeapSize                     = 122912730                              {pd product} {ergonomic}
    uintx ReservedCodeCacheSize                    = 251658240                              {pd product} {ergonomic}
     bool SegmentedCodeCache                       = true                                      {product} {ergonomic}
   size_t SoftMaxHeapSize                          = 3185573888                             {manageable} {ergonomic}
     bool UseCompressedClassPointers               = true                           {product lp64_product} {ergonomic}
     bool UseCompressedOops                        = true                           {product lp64_product} {ergonomic}
     bool UseG1GC                                  = true                                      {product} {ergonomic}
     bool UseLargePagesIndividualAllocation        = false                                  {pd product} {ergonomic}

Logging:
Log output configuration:
 #0: stdout all=warning uptime,level,tags
 #1: stderr all=off uptime,level,tags

Environment Variables:
PATH=C:\Program Files\Common Files\Oracle\Java\javapath;C:\Windows\system32;C:\Windows;C:\Windows\System32\Wbem;C:\Windows\System32\WindowsPowerShell\v1.0\;C:\Windows\System32\OpenSSH\;C:\Program Files\Git\cmd;C:\Program Files\nodejs\;C:\Program Files\Java\jdk-17\bin;C:\Users\raka_\AppData\Local\Programs\Python\Launcher\;C:\Users\raka_\AppData\Local\Microsoft\WindowsApps;C:\Users\raka_\AppData\Local\Programs\Microsoft VS Code\bin;C:\Users\raka_\AppData\Roaming\npm;C:\Users\raka_\AppData\Local\GitHubDesktop\bin
USERNAME=raka_
OS=Windows_NT
PROCESSOR_IDENTIFIER=Intel64 Family 6 Model 58 Stepping 9, GenuineIntel
TMP=C:\Users\raka_\AppData\Local\Temp
TEMP=C:\Users\raka_\AppData\Local\Temp



Periodic native trim disabled

JNI global refs:
JNI global refs: 0, weak refs: 0

JNI global refs memory usage: 0, weak refs: 0

Process memory usage:
Resident Set Size: 10720K (0% of 12443120K total physical memory with 1569400K free physical memory)

OOME stack traces (most recent first):
Classloader memory used:


---------------  S Y S T E M  ---------------

OS:
 Windows 10 , 64 bit Build 19041 (10.0.19041.5198)
OS uptime: 1 days 4:21 hours

CPU: total 4 (initial active 4) (2 cores per cpu, 2 threads per core) family 6 model 58 stepping 9 microcode 0x21, cx8, cmov, fxsr, ht, mmx, sse, sse2, sse3, ssse3, sse4.1, sse4.2, popcnt, tsc, tscinvbit, avx, aes, erms, clmul, vzeroupper, clflush
Processor Information for all 4 processors :
  Max Mhz: 2601, Current Mhz: 2601, Mhz Limit: 2601

Memory: 4k page, system-wide physical 12151M (1532M free)
TotalPageFile size 19138M (AvailPageFile size 187M)
current process WorkingSet (physical memory assigned to process): 10M, peak: 10M
current process commit charge ("private bytes"): 51M, peak: 241M

vm_info: OpenJDK 64-Bit Server VM (17.0.11+0--11852314) for windows-amd64 JRE (17.0.11+0--11852314), built on May 16 2024 21:29:20 by "androidbuild" with MS VC++ 16.10 / 16.11 (VS2019)

END.
